# node length dat(ds)
1          0.00000e+00  0.00000e+00 
40         2.15798e+00  0.00000e+00 
25         4.31597e+00  0.00000e+00 
41         6.00588e+00  0.00000e+00 
26         7.69578e+00  0.00000e+00 
42         9.01914e+00  0.00000e+00 
27         1.03425e+01  0.00000e+00 
43         1.13788e+01  0.00000e+00 
28         1.24151e+01  0.00000e+00 
44         1.32267e+01  0.00000e+00 
29         1.40382e+01  0.00000e+00 
45         1.46737e+01  0.00000e+00 
30         1.53092e+01  0.00000e+00 
46         1.58069e+01  0.00000e+00 
31         1.63045e+01  0.00000e+00 
47         1.66942e+01  0.00000e+00 
32         1.70840e+01  0.00000e+00 
48         1.73891e+01  0.00000e+00 
33         1.76943e+01  0.00000e+00 
49         1.79333e+01  0.00000e+00 
34         1.81723e+01  0.00000e+00 
50         1.83595e+01  0.00000e+00 
35         1.85466e+01  0.00000e+00 
51         1.86932e+01  0.00000e+00 
36         1.88397e+01  0.00000e+00 
52         1.89545e+01  0.00000e+00 
37         1.90693e+01  0.00000e+00 
53         1.91591e+01  0.00000e+00 
38         1.92490e+01  0.00000e+00 
54         1.93194e+01  0.00000e+00 
39         1.93898e+01  0.00000e+00 
55         1.94449e+01  0.00000e+00 
2          1.95000e+01  0.00000e+00 
66         1.95568e+01  2.05822e-05 
56         1.96136e+01  3.65209e-05 
67         1.96925e+01  4.90998e-05 
57         1.97713e+01  5.94099e-05 
68         1.98808e+01  7.13307e-05 
58         1.99902e+01  8.17718e-05 
69         2.01421e+01  9.45070e-05 
59         2.02941e+01  1.05969e-04 
70         2.05050e+01  1.20370e-04 
60         2.07159e+01  1.33599e-04 
71         2.10086e+01  1.50473e-04 
61         2.13014e+01  1.66210e-04 
72         2.17078e+01  1.86677e-04 
62         2.21141e+01  2.06015e-04 
73         2.26782e+01  2.31417e-04 
63         2.32423e+01  2.55735e-04 
74         2.40254e+01  2.88209e-04 
64         2.48084e+01  3.19723e-04 
75         2.58954e+01  3.62369e-04 
65         2.69823e+01  4.04284e-04 
76         2.84912e+01  4.61584e-04 
3          3.00000e+01  5.16783e-04 
