# node length dat(ds)
1          0.00000e+00  -3.35463e+00
40         2.15798e+00  -2.45530e+00
25         4.31597e+00  -1.63501e+00
41         6.00588e+00  -1.16812e+00
26         7.69578e+00  -6.95910e-01
42         9.01914e+00  -3.58402e-01
27         1.03425e+01  -4.49575e-03
43         1.13788e+01  2.96215e-01 
28         1.24151e+01  6.15026e-01 
44         1.32267e+01  9.02797e-01 
29         1.40382e+01  1.22058e+00 
45         1.46737e+01  1.51574e+00 
30         1.53092e+01  1.83792e+00 
46         1.58069e+01  2.15120e+00 
31         1.63045e+01  2.49039e+00 
47         1.66942e+01  2.83658e+00 
32         1.70840e+01  3.22543e+00 
48         1.73891e+01  3.61986e+00 
33         1.76943e+01  4.04913e+00 
49         1.79333e+01  4.48642e+00 
34         1.81723e+01  4.97184e+00 
50         1.83595e+01  5.53435e+00 
35         1.85466e+01  6.14868e+00 
51         1.86932e+01  6.81938e+00 
36         1.88397e+01  7.57452e+00 
52         1.89545e+01  8.48707e+00 
37         1.90693e+01  9.50795e+00 
53         1.91591e+01  1.08676e+01 
38         1.92490e+01  1.11376e+01 
54         1.93194e+01  1.27005e+01 
39         1.93898e+01  1.86396e+01 
55         1.94449e+01  2.51298e+01 
2          1.95000e+01  5.97877e+01 
66         1.95568e+01  2.80064e+01 
56         1.96136e+01  -8.17776e+00
67         1.96925e+01  -2.50408e-01
57         1.97713e+01  -6.83544e-02
68         1.98808e+01  -2.27461e-01
58         1.99902e+01  -1.41873e-01
69         2.01421e+01  2.71480e-02 
59         2.02941e+01  5.37797e-02 
70         2.05050e+01  -5.59561e-02
60         2.07159e+01  -3.68678e-02
71         2.10086e+01  -1.40190e-02
61         2.13014e+01  -9.20986e-05
72         2.17078e+01  -7.68918e-03
62         2.21141e+01  -9.68993e-03
73         2.26782e+01  -4.60184e-03
63         2.32423e+01  2.72650e-03 
74         2.40254e+01  -2.22385e-03
64         2.48084e+01  -9.13973e-03
75         2.58954e+01  -3.72859e-03
65         2.69823e+01  -4.73452e-03
76         2.84912e+01  5.96691e-03 
3          3.00000e+01  3.19782e-02 
